#
# There is insufficient memory for the Java Runtime Environment to continue.
# Native memory allocation (mmap) failed to map 121634816 bytes. Error detail: G1 virtual space
# Possible reasons:
#   The system is out of physical RAM or swap space
#   This process is running with CompressedOops enabled, and the Java Heap may be blocking the growth of the native heap
# Possible solutions:
#   Reduce memory load on the system
#   Increase physical memory or swap space
#   Check if swap backing store is full
#   Decrease Java heap size (-Xmx/-Xms)
#   Decrease number of Java threads
#   Decrease Java thread stack sizes (-Xss)
#   Set larger code cache with -XX:ReservedCodeCacheSize=
#   JVM is running with Unscaled Compressed Oops mode in which the Java heap is
#     placed in the first 4GB address space. The Java Heap base address is the
#     maximum limit for the native heap growth. Please use -XX:HeapBaseMinAddress
#     to set the Java Heap base and to place the Java Heap above 4GB virtual address.
# This output file may be truncated or incomplete.
#
#  Out of Memory Error (os_windows.cpp:3631), pid=5008, tid=27084
#
# JRE version:  (22.0.2+9) (build )
# Java VM: Java HotSpot(TM) 64-Bit Server VM (22.0.2+9-70, mixed mode, sharing, tiered, compressed oops, compressed class ptrs, g1 gc, windows-amd64)
# No core dump will be written. Minidumps are not enabled by default on client versions of Windows
#

---------------  S U M M A R Y ------------

Command Line: -Dclassworlds.conf=C:\Users\Debabratagira\.m2\wrapper\dists\apache-maven-3.9.14\ed7edd442f634ac1c1ef5ba2b61b6d690b5221091f1a8e1123f5fadcc967520d\bin\m2.conf -Dmaven.home=C:\Users\Debabratagira\.m2\wrapper\dists\apache-maven-3.9.14\ed7edd442f634ac1c1ef5ba2b61b6d690b5221091f1a8e1123f5fadcc967520d -Dlibrary.jansi.path=C:\Users\Debabratagira\.m2\wrapper\dists\apache-maven-3.9.14\ed7edd442f634ac1c1ef5ba2b61b6d690b5221091f1a8e1123f5fadcc967520d\lib\jansi-native -Dmaven.multiModuleProjectDirectory=c:\Users\Debabratagira\Downloads\Todoapp\backend org.codehaus.plexus.classworlds.launcher.Launcher spring-boot:run

Host: AMD Ryzen 5 7520U with Radeon Graphics         , 8 cores, 7G,  Windows 11 , 64 bit Build 26100 (10.0.26100.8246)
Time: Sat May  2 10:43:11 2026 India Standard Time elapsed time: 2.037323 seconds (0d 0h 0m 2s)

---------------  T H R E A D  ---------------

Current thread (0x00000267abfff420):  JavaThread "Unknown thread" [_thread_in_vm, id=27084, stack(0x0000006a54c00000,0x0000006a54d00000) (1024K)]

Stack: [0x0000006a54c00000,0x0000006a54d00000]
Native frames: (J=compiled Java code, j=interpreted, Vv=VM code, C=native code)
V  [jvm.dll+0x6e26e9]  (no source info available)
V  [jvm.dll+0x875753]  (no source info available)
V  [jvm.dll+0x877b7e]  (no source info available)
V  [jvm.dll+0x878253]  (no source info available)
V  [jvm.dll+0x27fc86]  (no source info available)
V  [jvm.dll+0x6ded85]  (no source info available)
V  [jvm.dll+0x6d388a]  (no source info available)
V  [jvm.dll+0x358b8a]  (no source info available)
V  [jvm.dll+0x3610b6]  (no source info available)
V  [jvm.dll+0x3b419e]  (no source info available)
V  [jvm.dll+0x3b4448]  (no source info available)
V  [jvm.dll+0x32c5ec]  (no source info available)
V  [jvm.dll+0x32d258]  (no source info available)
V  [jvm.dll+0x83d5ac]  (no source info available)
V  [jvm.dll+0x3c10d1]  (no source info available)
V  [jvm.dll+0x8264cc]  (no source info available)
V  [jvm.dll+0x45bd5e]  (no source info available)
V  [jvm.dll+0x45dbe1]  (no source info available)
C  [jli.dll+0x52a3]  (no source info available)
C  [ucrtbase.dll+0x37b0]  (no source info available)
C  [KERNEL32.DLL+0x2e8d7]  (no source info available)
C  [ntdll.dll+0x8c3fc]  (no source info available)


---------------  P R O C E S S  ---------------

Threads class SMR info:
_java_thread_list=0x00007ffee650c1c8, length=0, elements={
}

Java Threads: ( => current thread )
Total: 0

Other Threads:
  0x00000267ac04d800 WorkerThread "GC Thread#0"                     [id=29444, stack(0x0000006a54d00000,0x0000006a54e00000) (1024K)]
  0x00000267ac05f190 ConcurrentGCThread "G1 Main Marker"            [id=21752, stack(0x0000006a54e00000,0x0000006a54f00000) (1024K)]
  0x00000267ac05fbb0 WorkerThread "G1 Conc#0"                       [id=19460, stack(0x0000006a54f00000,0x0000006a55000000) (1024K)]

[error occurred during error reporting (printing all threads), id 0xc0000005, EXCEPTION_ACCESS_VIOLATION (0xc0000005) at pc=0x00007ffee5c5f517]
VM state: not at safepoint (not fully initialized)

VM Mutex/Monitor currently owned by a thread:  ([mutex/lock_event])
[0x00007ffee658cc80] Heap_lock - owner thread: 0x00000267abfff420

Heap address: 0x000000008c000000, size: 1856 MB, Compressed Oops mode: 32-bit

CDS archive(s) mapped at: [0x0000000000000000-0x0000000000000000-0x0000000000000000), size 0, SharedBaseAddress: 0x0000000800000000, ArchiveRelocationMode: 1.
Narrow klass base: 0x0000000000000000, Narrow klass shift: 0, Narrow klass range: 0x0

GC Precious Log:
 CardTable entry size: 512
 Card Set container configuration: InlinePtr #cards 5 size 8 Array Of Cards #cards 12 size 40 Howl #buckets 4 coarsen threshold 1843 Howl Bitmap #cards 512 size 80 coarsen threshold 460 Card regions per heap region 1 cards per card region 2048

Heap:
 garbage-first heap   total reserved 1900544K, committed 0K, used 0K [0x000000008c000000, 0x0000000100000000)
  region size 1024K, 0 young (0K), 0 survivors (0K)

[error occurred during error reporting (printing heap information), id 0xc0000005, EXCEPTION_ACCESS_VIOLATION (0xc0000005) at pc=0x00007ffee605e869]
GC Heap History (0 events):
No events

Dll operation events (1 events):
Event: 0.012 Loaded shared library C:\Program Files\Java\jdk-22\bin\java.dll

Deoptimization events (0 events):
No events

Classes loaded (0 events):
No events

Classes unloaded (0 events):
No events

Classes redefined (0 events):
No events

Internal exceptions (0 events):
No events

ZGC Phase Switch (0 events):
No events

VM Operations (0 events):
No events

Memory protections (0 events):
No events

Nmethod flushes (0 events):
No events

Events (0 events):
No events


Dynamic libraries:
0x00007ff608690000 - 0x00007ff6086a0000 	C:\Program Files\Java\jdk-22\bin\java.exe
0x00007fffbd3c0000 - 0x00007fffbd627000 	C:\WINDOWS\SYSTEM32\ntdll.dll
0x00007fffbc910000 - 0x00007fffbc9d9000 	C:\WINDOWS\System32\KERNEL32.DLL
0x00007fffba280000 - 0x00007fffba674000 	C:\WINDOWS\System32\KERNELBASE.dll
0x00007fffba000000 - 0x00007fffba14b000 	C:\WINDOWS\System32\ucrtbase.dll
0x00007fff61e50000 - 0x00007fff61e67000 	C:\Program Files\Java\jdk-22\bin\jli.dll
0x00007fff61e30000 - 0x00007fff61e4b000 	C:\Program Files\Java\jdk-22\bin\VCRUNTIME140.dll
0x00007fffbb690000 - 0x00007fffbb855000 	C:\WINDOWS\System32\USER32.dll
0x00007fffa22a0000 - 0x00007fffa2533000 	C:\WINDOWS\WinSxS\amd64_microsoft.windows.common-controls_6595b64144ccf1df_6.0.26100.8115_none_3e075c82e3354f9c\COMCTL32.dll
0x00007fffbaef0000 - 0x00007fffbaf17000 	C:\WINDOWS\System32\win32u.dll
0x00007fffbb150000 - 0x00007fffbb1f9000 	C:\WINDOWS\System32\msvcrt.dll
0x00007fffbc710000 - 0x00007fffbc73b000 	C:\WINDOWS\System32\GDI32.dll
0x00007fffba150000 - 0x00007fffba27b000 	C:\WINDOWS\System32\gdi32full.dll
0x00007fffb9c90000 - 0x00007fffb9d33000 	C:\WINDOWS\System32\msvcp_win.dll
0x00007fffbc070000 - 0x00007fffbc0a2000 	C:\WINDOWS\System32\IMM32.DLL
0x00007fff7dd80000 - 0x00007fff7dd8c000 	C:\Program Files\Java\jdk-22\bin\vcruntime140_1.dll
0x00007fff3cf10000 - 0x00007fff3cf9e000 	C:\Program Files\Java\jdk-22\bin\msvcp140.dll
0x00007ffee5920000 - 0x00007ffee6669000 	C:\Program Files\Java\jdk-22\bin\server\jvm.dll
0x00007fffbc0b0000 - 0x00007fffbc166000 	C:\WINDOWS\System32\ADVAPI32.dll
0x00007fffbc3c0000 - 0x00007fffbc467000 	C:\WINDOWS\System32\sechost.dll
0x00007fffbc5e0000 - 0x00007fffbc6f8000 	C:\WINDOWS\System32\RPCRT4.dll
0x00007fffbc550000 - 0x00007fffbc5d0000 	C:\WINDOWS\System32\WS2_32.dll
0x00007fffb9af0000 - 0x00007fffb9b4e000 	C:\WINDOWS\SYSTEM32\POWRPROF.dll
0x00007fffac210000 - 0x00007fffac21b000 	C:\WINDOWS\SYSTEM32\VERSION.dll
0x00007fffaeeb0000 - 0x00007fffaeee6000 	C:\WINDOWS\SYSTEM32\WINMM.dll
0x00007fffb9ad0000 - 0x00007fffb9ae4000 	C:\WINDOWS\SYSTEM32\UMPDC.dll
0x00007fffb8a20000 - 0x00007fffb8a3b000 	C:\WINDOWS\SYSTEM32\kernel.appcore.dll
0x00007fff763e0000 - 0x00007fff763ea000 	C:\Program Files\Java\jdk-22\bin\jimage.dll
0x00007fffac450000 - 0x00007fffac692000 	C:\WINDOWS\SYSTEM32\DBGHELP.DLL
0x00007fffbce50000 - 0x00007fffbd1d2000 	C:\WINDOWS\System32\combase.dll
0x00007fffbc470000 - 0x00007fffbc548000 	C:\WINDOWS\System32\OLEAUT32.dll
0x00007fff9e670000 - 0x00007fff9e6ab000 	C:\WINDOWS\SYSTEM32\dbgcore.DLL
0x00007fffb9dd0000 - 0x00007fffb9e75000 	C:\WINDOWS\System32\bcryptPrimitives.dll
0x00007fff603e0000 - 0x00007fff603fe000 	C:\Program Files\Java\jdk-22\bin\java.dll
0x00007fffbb860000 - 0x00007fffbbfc7000 	C:\WINDOWS\System32\SHELL32.dll
0x00007fffbafe0000 - 0x00007fffbb14a000 	C:\WINDOWS\System32\wintypes.dll
0x00007fffbd1e0000 - 0x00007fffbd377000 	C:\WINDOWS\System32\ole32.dll

dbghelp: loaded successfully - version: 4.0.5 - missing functions: none
symbol engine: initialized successfully - sym options: 0x614 - pdb path: .;C:\Program Files\Java\jdk-22\bin;C:\WINDOWS\SYSTEM32;C:\WINDOWS\WinSxS\amd64_microsoft.windows.common-controls_6595b64144ccf1df_6.0.26100.8115_none_3e075c82e3354f9c;C:\Program Files\Java\jdk-22\bin\server

VM Arguments:
jvm_args: -Dclassworlds.conf=C:\Users\Debabratagira\.m2\wrapper\dists\apache-maven-3.9.14\ed7edd442f634ac1c1ef5ba2b61b6d690b5221091f1a8e1123f5fadcc967520d\bin\m2.conf -Dmaven.home=C:\Users\Debabratagira\.m2\wrapper\dists\apache-maven-3.9.14\ed7edd442f634ac1c1ef5ba2b61b6d690b5221091f1a8e1123f5fadcc967520d -Dlibrary.jansi.path=C:\Users\Debabratagira\.m2\wrapper\dists\apache-maven-3.9.14\ed7edd442f634ac1c1ef5ba2b61b6d690b5221091f1a8e1123f5fadcc967520d\lib\jansi-native -Dmaven.multiModuleProjectDirectory=c:\Users\Debabratagira\Downloads\Todoapp\backend 
java_command: org.codehaus.plexus.classworlds.launcher.Launcher spring-boot:run
java_class_path (initial): C:\Users\Debabratagira\.m2\wrapper\dists\apache-maven-3.9.14\ed7edd442f634ac1c1ef5ba2b61b6d690b5221091f1a8e1123f5fadcc967520d\boot\plexus-classworlds-2.9.0.jar
Launcher Type: SUN_STANDARD

[Global flags]
     intx CICompilerCount                          = 4                                         {product} {ergonomic}
     uint ConcGCThreads                            = 2                                         {product} {ergonomic}
     uint G1ConcRefinementThreads                  = 8                                         {product} {ergonomic}
   size_t G1HeapRegionSize                         = 1048576                                   {product} {ergonomic}
   size_t InitialHeapSize                          = 121634816                                 {product} {ergonomic}
   size_t MarkStackSize                            = 4194304                                   {product} {ergonomic}
   size_t MaxHeapSize                              = 1946157056                                {product} {ergonomic}
   size_t MinHeapDeltaBytes                        = 1048576                                   {product} {ergonomic}
   size_t MinHeapSize                              = 8388608                                   {product} {ergonomic}
    uintx NonNMethodCodeHeapSize                   = 5839372                                {pd product} {ergonomic}
    uintx NonProfiledCodeHeapSize                  = 122909434                              {pd product} {ergonomic}
    uintx ProfiledCodeHeapSize                     = 122909434                              {pd product} {ergonomic}
    uintx ReservedCodeCacheSize                    = 251658240                              {pd product} {ergonomic}
     bool SegmentedCodeCache                       = true                                      {product} {ergonomic}
   size_t SoftMaxHeapSize                          = 1946157056                             {manageable} {ergonomic}
     bool UseCompressedOops                        = true                           {product lp64_product} {ergonomic}
     bool UseG1GC                                  = true                                      {product} {ergonomic}
     bool UseLargePagesIndividualAllocation        = false                                  {pd product} {ergonomic}

Logging:
Log output configuration:
 #0: stdout all=warning uptime,level,tags foldmultilines=false
 #1: stderr all=off uptime,level,tags foldmultilines=false

Environment Variables:
PATH=C:\Program Files\Python314\Scripts\;C:\Program Files\Python314\;C:\app\Debabratagira\product\21c\dbhomeXE\bin;C:\Program Files\Common Files\Oracle\Java\javapath;C:\WINDOWS\system32;C:\WINDOWS;C:\WINDOWS\System32\Wbem;C:\WINDOWS\System32\WindowsPowerShell\v1.0\;C:\WINDOWS\System32\OpenSSH\;C:\MinGW;C:\Program Files\Java\jdk-22\bin;C:\Program Files\Git\cmd;C:\Program Files\nodejs\;C:\Program Files\MongoDB\Server\8.2\bin;C:\Program Files\apache-maven-3.9.15-bin\apache-maven-3.9.15\bin;C:\Program Files\MySQL\MySQL Shell 8.0\bin\;C:\Users\Debabratagira\AppData\Local\Microsoft\WindowsApps;C:\MinGW\bin;C:\Users\Debabratagira\AppData\Local\Programs\Microsoft VS Code\bin;C:\Users\Debabratagira\AppData\Roaming\npm;C:\Users\Debabratagira\AppData\Local\Programs\Antigravity\bin
USERNAME=Debabratagira
OS=Windows_NT
PROCESSOR_IDENTIFIER=AMD64 Family 23 Model 160 Stepping 0, AuthenticAMD
TMP=C:\Users\DEBABR~1\AppData\Local\Temp
TEMP=C:\Users\DEBABR~1\AppData\Local\Temp




Periodic native trim disabled

---------------  S Y S T E M  ---------------

OS:
 Windows 11 , 64 bit Build 26100 (10.0.26100.8246)
OS uptime: 1 days 23:22 hours
Hyper-V role detected

CPU: total 8 (initial active 8) (8 cores per cpu, 2 threads per core) family 23 model 160 stepping 0 microcode 0x8a0000b, cx8, cmov, fxsr, ht, mmx, 3dnowpref, sse, sse2, sse3, ssse3, sse4a, sse4.1, sse4.2, popcnt, lzcnt, tsc, tscinvbit, avx, avx2, aes, clmul, bmi1, bmi2, adx, sha, fma, vzeroupper, clflush, clflushopt, hv, rdtscp, rdpid, f16c
Processor Information for all 8 processors :
  Max Mhz: 2801, Current Mhz: 2801, Mhz Limit: 2801

Memory: 4k page, system-wide physical 7418M (359M free)
TotalPageFile size 29946M (AvailPageFile size 0M)
current process WorkingSet (physical memory assigned to process): 13M, peak: 13M
current process commit charge ("private bytes"): 60M, peak: 176M

vm_info: Java HotSpot(TM) 64-Bit Server VM (22.0.2+9-70) for windows-amd64 JRE (22.0.2+9-70), built on 2024-06-04T16:52:23Z by "mach5one" with MS VC++ 17.6 (VS2022)

END.
